<?xml version="1.0" encoding="UTF-8"?>
<!-- Generated by org.testng.reporters.JUnitXMLReporter -->
<testsuite hostname="INLN56579460A" name="Practice Grouping" tests="3" failures="0" timestamp="20 Oct 2020 13:16:07 GMT" time="0.272" errors="0">
  <testcase name="createAcc1" time="0.076" classname="test6.depends.TestGroupDepends$DependencyTestUsingAnnotation"/>
  <testcase name="createAcc2" time="0.006" classname="test6.depends.TestGroupDepends$DependencyTestUsingAnnotation"/>
  <testcase name="processUpdate" time="0.007" classname="test6.depends.TestGroupDepends$DependencyTestUsingAnnotation"/>
</testsuite> <!-- Practice Grouping -->
