<?xml version="1.0" encoding="UTF-8"?>
<testng-results skipped="0" failed="0" total="1" passed="1">
  <reporter-output>
    <line>
      <![CDATA[Please provide loginName!]]>
    </line>
    <line>
      <![CDATA[Please provide Password!]]>
    </line>
  </reporter-output>
  <suite name="Default suite" duration-ms="14227" started-at="2020-11-29T08:00:16Z" finished-at="2020-11-29T08:00:30Z">
    <groups>
    </groups>
    <test name="Default test" duration-ms="14227" started-at="2020-11-29T08:00:16Z" finished-at="2020-11-29T08:00:30Z">
      <class name="testkeywords2.TestLogin">
        <test-method status="PASS" signature="setup()[pri:0, instance:testkeywords2.TestLogin@17c1bced]" name="setup" is-config="true" duration-ms="8598" started-at="2020-11-29T13:30:16Z" finished-at="2020-11-29T13:30:25Z">
          <reporter-output>
          </reporter-output>
        </test-method> <!-- setup -->
        <test-method status="PASS" signature="performLogin()[pri:0, instance:testkeywords2.TestLogin@17c1bced]" name="performLogin" duration-ms="2814" started-at="2020-11-29T13:30:25Z" finished-at="2020-11-29T13:30:28Z">
          <reporter-output>
            <line>
              <![CDATA[Please provide loginName!]]>
            </line>
            <line>
              <![CDATA[Please provide Password!]]>
            </line>
          </reporter-output>
        </test-method> <!-- performLogin -->
        <test-method status="PASS" signature="close()[pri:0, instance:testkeywords2.TestLogin@17c1bced]" name="close" is-config="true" duration-ms="2794" started-at="2020-11-29T13:30:28Z" finished-at="2020-11-29T13:30:30Z">
          <reporter-output>
          </reporter-output>
        </test-method> <!-- close -->
      </class> <!-- testkeywords2.TestLogin -->
    </test> <!-- Default test -->
  </suite> <!-- Default suite -->
</testng-results>
